<?xml version="1.0" encoding="UTF-8"?>
<!-- Generated by org.testng.reporters.JUnitReportReporter -->
<testsuite skipped="0" hostname="DESKTOP-GP5KJ4J" name="com.tests.RegistrationPageTest" tests="4" failures="0" timestamp="16 Feb 2022 18:27:46 GMT" time="2.740" errors="0">
  <testcase name="verifyBlankDataOnRegistrationForm" time="1.410" classname="com.tests.RegistrationPageTest"/>
  <testcase name="verifyTextRegNewMembership" time="0.083" classname="com.tests.RegistrationPageTest"/>
  <testcase name="verifyAlreadyMembershipLink" time="0.327" classname="com.tests.RegistrationPageTest"/>
  <testcase name="verifyRegistrationPageForm" time="0.920" classname="com.tests.RegistrationPageTest"/>
</testsuite> <!-- com.tests.RegistrationPageTest -->
