<?xml version="1.0" encoding="UTF-8"?>
<!-- Generated by org.testng.reporters.JUnitReportReporter -->
<testsuite skipped="0" hostname="DESKTOP-GP5KJ4J" name="com.tests.RegistrationPageTest" tests="4" failures="0" timestamp="12 Feb 2022 15:45:32 GMT" time="2.482" errors="0">
  <testcase name="verifyAlreadyMembershipLink" time="0.277" classname="com.tests.RegistrationPageTest"/>
  <testcase name="verifyRegistrationPageForm" time="0.944" classname="com.tests.RegistrationPageTest"/>
  <testcase name="verifyBlankDataOnRegistrationForm" time="1.183" classname="com.tests.RegistrationPageTest"/>
  <testcase name="verifyTextRegNewMembership" time="0.078" classname="com.tests.RegistrationPageTest"/>
</testsuite> <!-- com.tests.RegistrationPageTest -->
