<?xml version="1.0" encoding="UTF-8"?>
<!-- Generated by org.testng.reporters.JUnitReportReporter -->
<testsuite skipped="2" hostname="DESKTOP-GP5KJ4J" name="com.tests.LoginPageTest" tests="13" failures="0" timestamp="16 Feb 2022 18:27:46 GMT" time="5.815" errors="0">
  <testcase name="verifyRegisterNewMembershipLinkClikable" time="0.394" classname="com.tests.LoginPageTest"/>
  <testcase name="verifyIncorrectLoginCredentials" time="0.536" classname="com.tests.LoginPageTest"/>
  <testcase name="verifyBlankEmailField" time="0.650" classname="com.tests.LoginPageTest"/>
  <testcase name="verifyCorrectLoginCredentials" time="2.413" classname="com.tests.LoginPageTest"/>
  <testcase name="verifyCompanyTechnologies" time="0.048" classname="com.tests.LoginPageTest"/>
  <testcase name="verifyLoginBoxMsg" time="0.002" classname="com.tests.LoginPageTest">
    <skipped/>
  </testcase> <!-- verifyLoginBoxMsg -->
  <testcase name="verifycompanyName" time="0.083" classname="com.tests.LoginPageTest"/>
  <testcase name="test03" time="0.024" classname="com.tests.LoginPageTest">
    <skipped/>
  </testcase> <!-- test03 -->
  <testcase name="verifyIncorrectPassword" time="0.390" classname="com.tests.LoginPageTest"/>
  <testcase name="verifyLoginPageTitle" time="0.010" classname="com.tests.LoginPageTest"/>
  <testcase name="verifyIncorrectEmail" time="0.497" classname="com.tests.LoginPageTest"/>
  <testcase name="verifyBlankPasswordField" time="0.382" classname="com.tests.LoginPageTest"/>
  <testcase name="verifyNoDataLogin" time="0.386" classname="com.tests.LoginPageTest"/>
</testsuite> <!-- com.tests.LoginPageTest -->
