<?xml version="1.0" encoding="UTF-8"?>
<!-- Generated by org.testng.reporters.JUnitReportReporter -->
<testsuite skipped="0" hostname="DESKTOP-GP5KJ4J" name="com.tests.LoginTest" tests="1" failures="0" timestamp="10 Feb 2022 10:49:46 GMT" time="1.609" errors="0">
  <testcase name="verifyRegistrationPage" time="1.609" classname="com.tests.LoginTest"/>
</testsuite> <!-- com.tests.LoginTest -->
