<?xml version="1.0" encoding="UTF-8"?>
<!-- Generated by org.testng.reporters.JUnitReportReporter -->
<testsuite skipped="0" hostname="DESKTOP-GP5KJ4J" name="com.tests.UsersPageTest" tests="6" failures="0" timestamp="11 Feb 2022 18:50:01 GMT" time="15.838" errors="0">
  <testcase name="verifyText_UserList" time="0.070" classname="com.tests.UsersPageTest"/>
  <testcase name="verifyAddUserBtnClickable" time="0.996" classname="com.tests.UsersPageTest"/>
  <testcase name="verifyDeleteButton" time="0.112" classname="com.tests.UsersPageTest"/>
  <testcase name="verify_UserTableColumn" time="0.594" classname="com.tests.UsersPageTest"/>
  <testcase name="verifyLink_JavaByKiran_Clickable" time="14.011" classname="com.tests.UsersPageTest"/>
  <testcase name="verifyUserHeader" time="0.055" classname="com.tests.UsersPageTest"/>
</testsuite> <!-- com.tests.UsersPageTest -->
